\n\nTraining the attacker model using config bin/config/num_perturbs/2021-12-13_13-14-01/SE-4_ES-1.jsonnet with SE-4_ES-1. \nOutputs will be saved to bin/runs/num_perturbs/2021-12-13_13-14-01//SE-4_ES-1\n\n
python main.py adversarial_dataset_generation bin/config/num_perturbs/2021-12-13_13-14-01/SE-4_ES-1.jsonnet -s bin/runs/num_perturbs/2021-12-13_13-14-01//SE-4_ES-1 --include-package ruletaker.allennlp_models
Traceback (most recent call last):
  File "main.py", line 209, in <module>
    main()
  File "main.py", line 120, in main
    wandb.init(project=project, config={**vars(args), **file_dict})
  File "/vol/bitbucket/aeg19/.envs/lorikeet/leapofthought/lib/python3.6/site-packages/wandb/sdk/wandb_init.py", line 782, in init
    raise e
  File "/vol/bitbucket/aeg19/.envs/lorikeet/leapofthought/lib/python3.6/site-packages/wandb/sdk/wandb_init.py", line 758, in init
    wi.setup(kwargs)
  File "/vol/bitbucket/aeg19/.envs/lorikeet/leapofthought/lib/python3.6/site-packages/wandb/sdk/wandb_init.py", line 155, in setup
    wandb_login._login(anonymous=anonymous, force=force, _disable_warning=True)
  File "/vol/bitbucket/aeg19/.envs/lorikeet/leapofthought/lib/python3.6/site-packages/wandb/sdk/wandb_login.py", line 228, in _login
    logged_in = wlogin.login()
  File "/vol/bitbucket/aeg19/.envs/lorikeet/leapofthought/lib/python3.6/site-packages/wandb/sdk/wandb_login.py", line 111, in login
    self.login_display()
  File "/vol/bitbucket/aeg19/.envs/lorikeet/leapofthought/lib/python3.6/site-packages/wandb/sdk/wandb_login.py", line 117, in login_display
    active_entity = self._wl._get_entity()
  File "/vol/bitbucket/aeg19/.envs/lorikeet/leapofthought/lib/python3.6/site-packages/wandb/sdk/wandb_setup.py", line 163, in _get_entity
    self._load_viewer()
  File "/vol/bitbucket/aeg19/.envs/lorikeet/leapofthought/lib/python3.6/site-packages/wandb/sdk/wandb_setup.py", line 171, in _load_viewer
    s.query_with_timeout()
  File "/vol/bitbucket/aeg19/.envs/lorikeet/leapofthought/lib/python3.6/site-packages/wandb/sdk/lib/server.py", line 30, in query_with_timeout
    viewer_tuple, viewer_thread = async_viewer()
  File "/vol/bitbucket/aeg19/.envs/lorikeet/leapofthought/lib/python3.6/site-packages/wandb/util.py", line 922, in wrapper
    result = q.get(True, timeout)
  File "/usr/lib/python3.6/queue.py", line 173, in get
    self.not_empty.wait(remaining)
  File "/usr/lib/python3.6/threading.py", line 299, in wait
    gotit = waiter.acquire(True, timeout)
KeyboardInterrupt
